<?xml version="1.0" encoding="UTF-8"?>
<testng-results ignored="0" total="6" passed="6" failed="0" skipped="0">
  <reporter-output>
  </reporter-output>
  <suite started-at="2024-04-02T12:55:31 IST" name="Default suite" finished-at="2024-04-02T12:55:34 IST" duration-ms="2854">
    <groups>
      <group name="cucumber">
        <method signature="AbstractTestNGCucumberTests.runScenario(io.cucumber.testng.PickleWrapper,io.cucumber.testng.FeatureWrapper)[pri:0, instance:runner.testng@353352b6]" name="runScenario" class="io.cucumber.testng.AbstractTestNGCucumberTests"/>
      </group> <!-- cucumber -->
    </groups>
    <test started-at="2024-04-02T12:55:31 IST" name="Default test" finished-at="2024-04-02T12:55:34 IST" duration-ms="2854">
      <class name="runner.testng">
        <test-method is-config="true" signature="setUpClass(org.testng.ITestContext)[pri:0, instance:runner.testng@353352b6]" started-at="2024-04-02T12:55:31 IST" name="setUpClass" finished-at="2024-04-02T12:55:32 IST" duration-ms="747" status="PASS">
          <params>
            <param index="0">
              <value>
                <![CDATA[org.testng.TestRunner@71a4f441]]>
              </value>
            </param>
          </params>
          <reporter-output>
          </reporter-output>
        </test-method> <!-- setUpClass -->
        <test-method signature="runScenario(io.cucumber.testng.PickleWrapper,io.cucumber.testng.FeatureWrapper)[pri:0, instance:runner.testng@353352b6]" started-at="2024-04-02T12:55:32 IST" name="runScenario" description="Runs Cucumber Scenarios" data-provider="scenarios" finished-at="2024-04-02T12:55:32 IST" duration-ms="184" status="PASS">
          <params>
            <param index="0">
              <value>
                <![CDATA["post property"]]>
              </value>
            </param>
            <param index="1">
              <value>
                <![CDATA["Dealer Management on 99Acres Website"]]>
              </value>
            </param>
          </params>
          <reporter-output>
          </reporter-output>
        </test-method> <!-- runScenario -->
        <test-method signature="runScenario(io.cucumber.testng.PickleWrapper,io.cucumber.testng.FeatureWrapper)[pri:0, instance:runner.testng@353352b6]" started-at="2024-04-02T12:55:32 IST" name="runScenario" description="Runs Cucumber Scenarios" data-provider="scenarios" finished-at="2024-04-02T12:55:32 IST" duration-ms="17" status="PASS">
          <params>
            <param index="0">
              <value>
                <![CDATA["post property"]]>
              </value>
            </param>
            <param index="1">
              <value>
                <![CDATA["Dealer Management on 99Acres Website"]]>
              </value>
            </param>
          </params>
          <reporter-output>
          </reporter-output>
        </test-method> <!-- runScenario -->
        <test-method signature="runScenario(io.cucumber.testng.PickleWrapper,io.cucumber.testng.FeatureWrapper)[pri:0, instance:runner.testng@353352b6]" started-at="2024-04-02T12:55:32 IST" name="runScenario" description="Runs Cucumber Scenarios" data-provider="scenarios" finished-at="2024-04-02T12:55:32 IST" duration-ms="15" status="PASS">
          <params>
            <param index="0">
              <value>
                <![CDATA["Dealer services"]]>
              </value>
            </param>
            <param index="1">
              <value>
                <![CDATA["Dealer Management on 99Acres Website"]]>
              </value>
            </param>
          </params>
          <reporter-output>
          </reporter-output>
        </test-method> <!-- runScenario -->
        <test-method signature="runScenario(io.cucumber.testng.PickleWrapper,io.cucumber.testng.FeatureWrapper)[pri:0, instance:runner.testng@353352b6]" started-at="2024-04-02T12:55:32 IST" name="runScenario" description="Runs Cucumber Scenarios" data-provider="scenarios" finished-at="2024-04-02T12:55:32 IST" duration-ms="13" status="PASS">
          <params>
            <param index="0">
              <value>
                <![CDATA["My99acres"]]>
              </value>
            </param>
            <param index="1">
              <value>
                <![CDATA["Dealer Management on 99Acres Website"]]>
              </value>
            </param>
          </params>
          <reporter-output>
          </reporter-output>
        </test-method> <!-- runScenario -->
        <test-method signature="runScenario(io.cucumber.testng.PickleWrapper,io.cucumber.testng.FeatureWrapper)[pri:0, instance:runner.testng@353352b6]" started-at="2024-04-02T12:55:32 IST" name="runScenario" description="Runs Cucumber Scenarios" data-provider="scenarios" finished-at="2024-04-02T12:55:32 IST" duration-ms="10" status="PASS">
          <params>
            <param index="0">
              <value>
                <![CDATA["Call me back"]]>
              </value>
            </param>
            <param index="1">
              <value>
                <![CDATA["Dealer Management on 99Acres Website"]]>
              </value>
            </param>
          </params>
          <reporter-output>
          </reporter-output>
        </test-method> <!-- runScenario -->
        <test-method signature="runScenario(io.cucumber.testng.PickleWrapper,io.cucumber.testng.FeatureWrapper)[pri:0, instance:runner.testng@353352b6]" started-at="2024-04-02T12:55:32 IST" name="runScenario" description="Runs Cucumber Scenarios" data-provider="scenarios" finished-at="2024-04-02T12:55:32 IST" duration-ms="10" status="PASS">
          <params>
            <param index="0">
              <value>
                <![CDATA["Homeloans"]]>
              </value>
            </param>
            <param index="1">
              <value>
                <![CDATA["Dealer Management on 99Acres Website"]]>
              </value>
            </param>
          </params>
          <reporter-output>
          </reporter-output>
        </test-method> <!-- runScenario -->
        <test-method is-config="true" signature="tearDownClass()[pri:0, instance:runner.testng@353352b6]" started-at="2024-04-02T12:55:32 IST" name="tearDownClass" finished-at="2024-04-02T12:55:34 IST" duration-ms="1803" status="PASS">
          <reporter-output>
          </reporter-output>
        </test-method> <!-- tearDownClass -->
      </class> <!-- runner.testng -->
    </test> <!-- Default test -->
  </suite> <!-- Default suite -->
</testng-results>
